2025-04-10T00:56:49.990+05:30  WARN 32614 --- [taskbasket] [HikariPool-1 housekeeper] com.zaxxer.hikari.pool.HikariPool        : HikariPool-1 - Thread starvation or clock leap detected (housekeeper delta=17m10s224ms).
2025-04-10T01:14:27.797+05:30  WARN 32614 --- [taskbasket] [HikariPool-1 housekeeper] com.zaxxer.hikari.pool.HikariPool        : HikariPool-1 - Thread starvation or clock leap detected (housekeeper delta=17m7s711ms).
2025-04-10T02:32:04.993+05:30  WARN 32614 --- [taskbasket] [HikariPool-1 housekeeper] com.zaxxer.hikari.pool.HikariPool        : HikariPool-1 - Thread starvation or clock leap detected (housekeeper delta=15m36s413ms).
2025-04-10T02:48:07.774+05:30  WARN 32614 --- [taskbasket] [HikariPool-1 housekeeper] com.zaxxer.hikari.pool.HikariPool        : HikariPool-1 - Thread starvation or clock leap detected (housekeeper delta=15m32s743ms).
2025-04-10T03:04:16.194+05:30  WARN 32614 --- [taskbasket] [HikariPool-1 housekeeper] com.zaxxer.hikari.pool.HikariPool        : HikariPool-1 - Thread starvation or clock leap detected (housekeeper delta=15m38s413ms).
2025-04-10T03:22:56.934+05:30  WARN 32614 --- [taskbasket] [HikariPool-1 housekeeper] com.zaxxer.hikari.pool.HikariPool        : HikariPool-1 - Thread starvation or clock leap detected (housekeeper delta=18m10s720ms).
2025-04-10T04:39:14.491+05:30  WARN 32614 --- [taskbasket] [HikariPool-1 housekeeper] com.zaxxer.hikari.pool.HikariPool        : HikariPool-1 - Thread starvation or clock leap detected (housekeeper delta=16m16s817ms).
2025-04-10T04:56:06.264+05:30  WARN 32614 --- [taskbasket] [HikariPool-1 housekeeper] com.zaxxer.hikari.pool.HikariPool        : HikariPool-1 - Thread starvation or clock leap detected (housekeeper delta=16m51s776ms).
2025-04-10T05:14:54.555+05:30  WARN 32614 --- [taskbasket] [HikariPool-1 housekeeper] com.zaxxer.hikari.pool.HikariPool        : HikariPool-1 - Thread starvation or clock leap detected (housekeeper delta=17m48s271ms).
2025-04-10T05:30:58.299+05:30  WARN 32614 --- [taskbasket] [HikariPool-1 housekeeper] com.zaxxer.hikari.pool.HikariPool        : HikariPool-1 - Thread starvation or clock leap detected (housekeeper delta=16m3s744ms).
2025-04-10T05:32:20.917+05:30  WARN 32614 --- [taskbasket] [HikariPool-1 housekeeper] com.zaxxer.hikari.pool.HikariPool        : HikariPool-1 - Thread starvation or clock leap detected (housekeeper delta=52s602ms).
2025-04-10T06:48:59.673+05:30  WARN 32614 --- [taskbasket] [HikariPool-1 housekeeper] com.zaxxer.hikari.pool.HikariPool        : HikariPool-1 - Thread starvation or clock leap detected (housekeeper delta=16m38s31ms).
2025-04-10T06:55:19.293+05:30  WARN 32614 --- [taskbasket] [HikariPool-1 housekeeper] com.zaxxer.hikari.pool.HikariPool        : HikariPool-1 - Thread starvation or clock leap detected (housekeeper delta=5m49s566ms).
2025-04-10T08:14:09.550+05:30  WARN 32614 --- [taskbasket] [HikariPool-1 housekeeper] com.zaxxer.hikari.pool.HikariPool        : HikariPool-1 - Thread starvation or clock leap detected (housekeeper delta=16m49s534ms).
2025-04-10T08:31:26.293+05:30  WARN 32614 --- [taskbasket] [HikariPool-1 housekeeper] com.zaxxer.hikari.pool.HikariPool        : HikariPool-1 - Thread starvation or clock leap detected (housekeeper delta=16m46s720ms).
2025-04-10T08:47:05.036+05:30  WARN 32614 --- [taskbasket] [HikariPool-1 housekeeper] com.zaxxer.hikari.pool.HikariPool        : HikariPool-1 - Thread starvation or clock leap detected (housekeeper delta=15m38s742ms).
2025-04-10T09:31:52.630+05:30  WARN 32614 --- [taskbasket] [HikariPool-1 housekeeper] com.zaxxer.hikari.pool.HikariPool        : HikariPool-1 - Thread starvation or clock leap detected (housekeeper delta=15m47s256ms).
2025-04-10T09:40:21.291+05:30  WARN 32614 --- [taskbasket] [HikariPool-1 housekeeper] com.zaxxer.hikari.pool.HikariPool        : HikariPool-1 - Thread starvation or clock leap detected (housekeeper delta=7m58s636ms).
2025-04-10T10:36:32.297+05:30  WARN 32614 --- [taskbasket] [HikariPool-1 housekeeper] com.zaxxer.hikari.pool.HikariPool        : HikariPool-1 - Thread starvation or clock leap detected (housekeeper delta=4m40s570ms).
2025-04-10T10:46:00.451+05:30  WARN 32614 --- [taskbasket] [HikariPool-1 housekeeper] com.zaxxer.hikari.pool.HikariPool        : HikariPool-1 - Thread starvation or clock leap detected (housekeeper delta=8m58s120ms).
2025-04-10T10:47:00.129+05:30  WARN 32614 --- [taskbasket] [HikariPool-1 housekeeper] com.zaxxer.hikari.pool.HikariPool        : HikariPool-1 - Thread starvation or clock leap detected (housekeeper delta=59s679ms).
2025-04-10T10:49:02.632+05:30  WARN 32614 --- [taskbasket] [HikariPool-1 housekeeper] com.zaxxer.hikari.pool.HikariPool        : HikariPool-1 - Thread starvation or clock leap detected (housekeeper delta=1m32s481ms).
2025-04-10T11:38:24.639+05:30  WARN 32614 --- [taskbasket] [HikariPool-1 housekeeper] com.zaxxer.hikari.pool.HikariPool        : HikariPool-1 - Thread starvation or clock leap detected (housekeeper delta=12m51s641ms).
2025-04-10T12:12:00.568+05:30  WARN 32614 --- [taskbasket] [HikariPool-1 housekeeper] com.zaxxer.hikari.pool.HikariPool        : HikariPool-1 - Thread starvation or clock leap detected (housekeeper delta=14m5s768ms).
2025-04-10T12:28:11.134+05:30  WARN 32614 --- [taskbasket] [HikariPool-1 housekeeper] com.zaxxer.hikari.pool.HikariPool        : HikariPool-1 - Thread starvation or clock leap detected (housekeeper delta=15m40s545ms).
2025-04-10T12:36:07.041+05:30  WARN 32614 --- [taskbasket] [HikariPool-1 housekeeper] com.zaxxer.hikari.pool.HikariPool        : HikariPool-1 - Thread starvation or clock leap detected (housekeeper delta=7m55s770ms).
2025-04-10T13:02:00.362+05:30  WARN 32614 --- [taskbasket] [HikariPool-1 housekeeper] com.zaxxer.hikari.pool.HikariPool        : HikariPool-1 - Thread starvation or clock leap detected (housekeeper delta=15m50s217ms).
2025-04-10T14:01:47.538+05:30  INFO 94471 --- [taskbasket] [main] c.i.taskbasket.TaskbasketApplicationKt   : Starting TaskbasketApplicationKt using Java 17.0.12 with PID 94471 (/Users/irene/TismoProjects/Irene/LearnKotlin/TaskBasket/Server/build/classes/kotlin/main started by irene in /Users/irene/TismoProjects/Irene/LearnKotlin/TaskBasket/Server)
2025-04-10T14:01:47.540+05:30  INFO 94471 --- [taskbasket] [main] c.i.taskbasket.TaskbasketApplicationKt   : No active profile set, falling back to 1 default profile: "default"
2025-04-10T14:01:47.849+05:30  INFO 94471 --- [taskbasket] [main] .s.d.r.c.RepositoryConfigurationDelegate : Bootstrapping Spring Data JPA repositories in DEFAULT mode.
2025-04-10T14:01:47.869+05:30  INFO 94471 --- [taskbasket] [main] .s.d.r.c.RepositoryConfigurationDelegate : Finished Spring Data repository scanning in 16 ms. Found 1 JPA repository interface.
2025-04-10T14:01:48.061+05:30  INFO 94471 --- [taskbasket] [main] o.s.b.w.embedded.tomcat.TomcatWebServer  : Tomcat initialized with port 8080 (http)
2025-04-10T14:01:48.067+05:30  INFO 94471 --- [taskbasket] [main] o.apache.catalina.core.StandardService   : Starting service [Tomcat]
2025-04-10T14:01:48.067+05:30  INFO 94471 --- [taskbasket] [main] o.apache.catalina.core.StandardEngine    : Starting Servlet engine: [Apache Tomcat/10.1.36]
2025-04-10T14:01:48.092+05:30  INFO 94471 --- [taskbasket] [main] o.a.c.c.C.[Tomcat].[localhost].[/]       : Initializing Spring embedded WebApplicationContext
2025-04-10T14:01:48.092+05:30  INFO 94471 --- [taskbasket] [main] w.s.c.ServletWebServerApplicationContext : Root WebApplicationContext: initialization completed in 530 ms
2025-04-10T14:01:48.151+05:30  INFO 94471 --- [taskbasket] [main] o.hibernate.jpa.internal.util.LogHelper  : HHH000204: Processing PersistenceUnitInfo [name: default]
2025-04-10T14:01:48.176+05:30  INFO 94471 --- [taskbasket] [main] org.hibernate.Version                    : HHH000412: Hibernate ORM core version 6.6.8.Final
2025-04-10T14:01:48.190+05:30  INFO 94471 --- [taskbasket] [main] o.h.c.internal.RegionFactoryInitiator    : HHH000026: Second-level cache disabled
2025-04-10T14:01:48.293+05:30  INFO 94471 --- [taskbasket] [main] o.s.o.j.p.SpringPersistenceUnitInfo      : No LoadTimeWeaver setup: ignoring JPA class transformer
2025-04-10T14:01:48.305+05:30  INFO 94471 --- [taskbasket] [main] com.zaxxer.hikari.HikariDataSource       : HikariPool-1 - Starting...
2025-04-10T14:01:48.372+05:30  INFO 94471 --- [taskbasket] [main] com.zaxxer.hikari.pool.HikariPool        : HikariPool-1 - Added connection conn0: url=jdbc:h2:mem:testdb user=SA
2025-04-10T14:01:48.373+05:30  INFO 94471 --- [taskbasket] [main] com.zaxxer.hikari.HikariDataSource       : HikariPool-1 - Start completed.
2025-04-10T14:01:48.383+05:30  WARN 94471 --- [taskbasket] [main] org.hibernate.orm.deprecation            : HHH90000025: H2Dialect does not need to be specified explicitly using 'hibernate.dialect' (remove the property setting and it will be selected by default)
2025-04-10T14:01:48.390+05:30  INFO 94471 --- [taskbasket] [main] org.hibernate.orm.connections.pooling    : HHH10001005: Database info:
	Database JDBC URL [Connecting through datasource 'HikariDataSource (HikariPool-1)']
	Database driver: undefined/unknown
	Database version: 2.3.232
	Autocommit mode: undefined/unknown
	Isolation level: undefined/unknown
	Minimum pool size: undefined/unknown
	Maximum pool size: undefined/unknown
2025-04-10T14:01:48.744+05:30  INFO 94471 --- [taskbasket] [main] o.h.e.t.j.p.i.JtaPlatformInitiator       : HHH000489: No JTA platform available (set 'hibernate.transaction.jta.platform' to enable JTA platform integration)
2025-04-10T14:01:48.760+05:30  INFO 94471 --- [taskbasket] [main] j.LocalContainerEntityManagerFactoryBean : Initialized JPA EntityManagerFactory for persistence unit 'default'
2025-04-10T14:01:48.931+05:30  INFO 94471 --- [taskbasket] [main] o.s.d.j.r.query.QueryEnhancerFactory     : Hibernate is in classpath; If applicable, HQL parser will be used.
2025-04-10T14:01:49.233+05:30  WARN 94471 --- [taskbasket] [main] JpaBaseConfiguration$JpaWebConfiguration : spring.jpa.open-in-view is enabled by default. Therefore, database queries may be performed during view rendering. Explicitly configure spring.jpa.open-in-view to disable this warning
2025-04-10T14:01:49.379+05:30  INFO 94471 --- [taskbasket] [main] o.s.b.w.embedded.tomcat.TomcatWebServer  : Tomcat started on port 8080 (http) with context path '/'
2025-04-10T14:01:49.383+05:30  INFO 94471 --- [taskbasket] [main] c.i.taskbasket.TaskbasketApplicationKt   : Started TaskbasketApplicationKt in 2.035 seconds (process running for 2.184)
2025-04-10T14:04:30.683+05:30  INFO 94471 --- [taskbasket] [http-nio-8080-exec-1] o.a.c.c.C.[Tomcat].[localhost].[/]       : Initializing Spring DispatcherServlet 'dispatcherServlet'
2025-04-10T14:04:30.687+05:30  INFO 94471 --- [taskbasket] [http-nio-8080-exec-1] o.s.web.servlet.DispatcherServlet        : Initializing Servlet 'dispatcherServlet'
2025-04-10T14:04:30.695+05:30  INFO 94471 --- [taskbasket] [http-nio-8080-exec-1] o.s.web.servlet.DispatcherServlet        : Completed initialization in 8 ms
2025-04-10T14:13:43.247+05:30  INFO 94471 --- [taskbasket] [SpringApplicationShutdownHook] o.s.b.w.e.tomcat.GracefulShutdown        : Commencing graceful shutdown. Waiting for active requests to complete
2025-04-10T14:13:43.323+05:30  INFO 94471 --- [taskbasket] [tomcat-shutdown] o.s.b.w.e.tomcat.GracefulShutdown        : Graceful shutdown complete
2025-04-10T14:13:43.351+05:30  INFO 94471 --- [taskbasket] [SpringApplicationShutdownHook] j.LocalContainerEntityManagerFactoryBean : Closing JPA EntityManagerFactory for persistence unit 'default'
2025-04-10T14:13:43.398+05:30  INFO 94471 --- [taskbasket] [SpringApplicationShutdownHook] com.zaxxer.hikari.HikariDataSource       : HikariPool-1 - Shutdown initiated...
2025-04-10T14:13:43.435+05:30  INFO 94471 --- [taskbasket] [SpringApplicationShutdownHook] com.zaxxer.hikari.HikariDataSource       : HikariPool-1 - Shutdown completed.
2025-04-10T14:19:57.952+05:30  WARN 32614 --- [taskbasket] [HikariPool-1 housekeeper] com.zaxxer.hikari.pool.HikariPool        : HikariPool-1 - Thread starvation or clock leap detected (housekeeper delta=56s825ms).
2025-04-10T16:19:12.073+05:30  WARN 32614 --- [taskbasket] [HikariPool-1 housekeeper] com.zaxxer.hikari.pool.HikariPool        : HikariPool-1 - Thread starvation or clock leap detected (housekeeper delta=15m43s250ms).
2025-04-10T16:36:25.764+05:30  WARN 32614 --- [taskbasket] [HikariPool-1 housekeeper] com.zaxxer.hikari.pool.HikariPool        : HikariPool-1 - Thread starvation or clock leap detected (housekeeper delta=16m43s672ms).
2025-04-10T16:38:53.853+05:30  WARN 32614 --- [taskbasket] [HikariPool-1 housekeeper] com.zaxxer.hikari.pool.HikariPool        : HikariPool-1 - Thread starvation or clock leap detected (housekeeper delta=1m58s74ms).
